---------------------------------------------
Z ROUGE-1 Average_R: 0.41874 (95%-conf.int. 0.40038 - 0.43632)
Z ROUGE-1 Average_P: 0.40991 (95%-conf.int. 0.39233 - 0.42744)
Z ROUGE-1 Average_F: 0.41424 (95%-conf.int. 0.39631 - 0.43186)
.............................................
Z ROUGE-1 Eval D1101-A.Z R:0.42469 P:0.41748 F:0.42105
Z ROUGE-1 Eval D1102-A.Z R:0.31500 P:0.31188 F:0.31343
Z ROUGE-1 Eval D1103-A.Z R:0.45098 P:0.44660 F:0.44878
Z ROUGE-1 Eval D1104-A.Z R:0.44853 P:0.44417 F:0.44634
Z ROUGE-1 Eval D1105-A.Z R:0.44118 P:0.43689 F:0.43902
Z ROUGE-1 Eval D1106-A.Z R:0.36160 P:0.34856 F:0.35496
Z ROUGE-1 Eval D1107-A.Z R:0.43812 P:0.43382 F:0.43596
Z ROUGE-1 Eval D1108-A.Z R:0.40587 P:0.40686 F:0.40636
Z ROUGE-1 Eval D1109-A.Z R:0.49261 P:0.48077 F:0.48662
Z ROUGE-1 Eval D1110-A.Z R:0.38235 P:0.36449 F:0.37321
Z ROUGE-1 Eval D1111-A.Z R:0.48768 P:0.46698 F:0.47711
Z ROUGE-1 Eval D1112-A.Z R:0.48294 P:0.46000 F:0.47119
Z ROUGE-1 Eval D1113-A.Z R:0.36061 P:0.35250 F:0.35651
Z ROUGE-1 Eval D1114-A.Z R:0.45050 P:0.45500 F:0.45274
Z ROUGE-1 Eval D1115-A.Z R:0.46210 P:0.43750 F:0.44946
Z ROUGE-1 Eval D1116-A.Z R:0.44554 P:0.44118 F:0.44335
Z ROUGE-1 Eval D1117-A.Z R:0.33333 P:0.32452 F:0.32887
Z ROUGE-1 Eval D1118-A.Z R:0.47250 P:0.46782 F:0.47015
Z ROUGE-1 Eval D1119-A.Z R:0.39078 P:0.38333 F:0.38702
Z ROUGE-1 Eval D1120-A.Z R:0.41709 P:0.41500 F:0.41604
Z ROUGE-1 Eval D1121-A.Z R:0.44198 P:0.42619 F:0.43394
Z ROUGE-1 Eval D1122-A.Z R:0.45658 P:0.44660 F:0.45153
Z ROUGE-1 Eval D1123-A.Z R:0.43687 P:0.41587 F:0.42611
Z ROUGE-1 Eval D1124-A.Z R:0.45297 P:0.45297 F:0.45297
Z ROUGE-1 Eval D1125-A.Z R:0.36453 P:0.36634 F:0.36543
Z ROUGE-1 Eval D1126-A.Z R:0.55128 P:0.52184 F:0.53616
Z ROUGE-1 Eval D1127-A.Z R:0.32108 P:0.31796 F:0.31951
Z ROUGE-1 Eval D1128-A.Z R:0.51471 P:0.50971 F:0.51220
Z ROUGE-1 Eval D1129-A.Z R:0.48411 P:0.49010 F:0.48709
Z ROUGE-1 Eval D1130-A.Z R:0.47643 P:0.47059 F:0.47349
Z ROUGE-1 Eval D1131-A.Z R:0.36842 P:0.35337 F:0.36074
Z ROUGE-1 Eval D1132-A.Z R:0.34351 P:0.33088 F:0.33708
Z ROUGE-1 Eval D1133-A.Z R:0.41791 P:0.41176 F:0.41481
Z ROUGE-1 Eval D1134-A.Z R:0.43812 P:0.42143 F:0.42961
Z ROUGE-1 Eval D1135-A.Z R:0.35500 P:0.35149 F:0.35324
Z ROUGE-1 Eval D1136-A.Z R:0.28571 P:0.26636 F:0.27570
Z ROUGE-1 Eval D1137-A.Z R:0.41045 P:0.40441 F:0.40741
Z ROUGE-1 Eval D1138-A.Z R:0.30340 P:0.30941 F:0.30638
Z ROUGE-1 Eval D1139-A.Z R:0.48020 P:0.47087 F:0.47549
Z ROUGE-1 Eval D1140-A.Z R:0.38983 P:0.38702 F:0.38842
Z ROUGE-1 Eval D1141-A.Z R:0.34783 P:0.33962 F:0.34368
Z ROUGE-1 Eval D1142-A.Z R:0.41085 P:0.38971 F:0.40000
Z ROUGE-1 Eval D1143-A.Z R:0.46734 P:0.45588 F:0.46154
Z ROUGE-1 Eval D1144-A.Z R:0.43980 P:0.42619 F:0.43289
---------------------------------------------
Z ROUGE-2 Average_R: 0.13564 (95%-conf.int. 0.12075 - 0.15060)
Z ROUGE-2 Average_P: 0.13274 (95%-conf.int. 0.11821 - 0.14741)
Z ROUGE-2 Average_F: 0.13416 (95%-conf.int. 0.11929 - 0.14898)
.............................................
Z ROUGE-2 Eval D1101-A.Z R:0.12469 P:0.12255 F:0.12361
Z ROUGE-2 Eval D1102-A.Z R:0.05556 P:0.05500 F:0.05528
Z ROUGE-2 Eval D1103-A.Z R:0.16832 P:0.16667 F:0.16749
Z ROUGE-2 Eval D1104-A.Z R:0.15099 P:0.14951 F:0.15025
Z ROUGE-2 Eval D1105-A.Z R:0.17574 P:0.17402 F:0.17488
Z ROUGE-2 Eval D1106-A.Z R:0.06045 P:0.05825 F:0.05933
Z ROUGE-2 Eval D1107-A.Z R:0.16000 P:0.15842 F:0.15921
Z ROUGE-2 Eval D1108-A.Z R:0.12099 P:0.12129 F:0.12114
Z ROUGE-2 Eval D1109-A.Z R:0.17662 P:0.17233 F:0.17445
Z ROUGE-2 Eval D1110-A.Z R:0.11386 P:0.10849 F:0.11111
Z ROUGE-2 Eval D1111-A.Z R:0.22139 P:0.21190 F:0.21654
Z ROUGE-2 Eval D1112-A.Z R:0.17772 P:0.16919 F:0.17335
Z ROUGE-2 Eval D1113-A.Z R:0.06460 P:0.06313 F:0.06386
Z ROUGE-2 Eval D1114-A.Z R:0.19000 P:0.19192 F:0.19096
Z ROUGE-2 Eval D1115-A.Z R:0.20988 P:0.19860 F:0.20408
Z ROUGE-2 Eval D1116-A.Z R:0.11000 P:0.10891 F:0.10945
Z ROUGE-2 Eval D1117-A.Z R:0.07232 P:0.07039 F:0.07134
Z ROUGE-2 Eval D1118-A.Z R:0.16667 P:0.16500 F:0.16583
Z ROUGE-2 Eval D1119-A.Z R:0.14216 P:0.13942 F:0.14078
Z ROUGE-2 Eval D1120-A.Z R:0.13198 P:0.13131 F:0.13164
Z ROUGE-2 Eval D1121-A.Z R:0.16958 P:0.16346 F:0.16646
Z ROUGE-2 Eval D1122-A.Z R:0.13033 P:0.12745 F:0.12887
Z ROUGE-2 Eval D1123-A.Z R:0.14541 P:0.13835 F:0.14179
Z ROUGE-2 Eval D1124-A.Z R:0.18500 P:0.18500 F:0.18500
Z ROUGE-2 Eval D1125-A.Z R:0.10448 P:0.10500 F:0.10474
Z ROUGE-2 Eval D1126-A.Z R:0.23057 P:0.21814 F:0.22418
Z ROUGE-2 Eval D1127-A.Z R:0.07673 P:0.07598 F:0.07635
Z ROUGE-2 Eval D1128-A.Z R:0.24257 P:0.24020 F:0.24138
Z ROUGE-2 Eval D1129-A.Z R:0.21728 P:0.22000 F:0.21863
Z ROUGE-2 Eval D1130-A.Z R:0.15789 P:0.15594 F:0.15691
Z ROUGE-2 Eval D1131-A.Z R:0.08608 P:0.08252 F:0.08426
Z ROUGE-2 Eval D1132-A.Z R:0.07712 P:0.07426 F:0.07566
Z ROUGE-2 Eval D1133-A.Z R:0.09548 P:0.09406 F:0.09476
Z ROUGE-2 Eval D1134-A.Z R:0.17500 P:0.16827 F:0.17157
Z ROUGE-2 Eval D1135-A.Z R:0.07828 P:0.07750 F:0.07789
Z ROUGE-2 Eval D1136-A.Z R:0.06582 P:0.06132 F:0.06349
Z ROUGE-2 Eval D1137-A.Z R:0.10553 P:0.10396 F:0.10474
Z ROUGE-2 Eval D1138-A.Z R:0.05882 P:0.06000 F:0.05940
Z ROUGE-2 Eval D1139-A.Z R:0.15000 P:0.14706 F:0.14852
Z ROUGE-2 Eval D1140-A.Z R:0.14670 P:0.14563 F:0.14616
Z ROUGE-2 Eval D1141-A.Z R:0.08049 P:0.07857 F:0.07952
Z ROUGE-2 Eval D1142-A.Z R:0.14360 P:0.13614 F:0.13977
Z ROUGE-2 Eval D1143-A.Z R:0.13706 P:0.13366 F:0.13534
Z ROUGE-2 Eval D1144-A.Z R:0.11663 P:0.11298 F:0.11478
---------------------------------------------
Z ROUGE-3 Average_R: 0.06173 (95%-conf.int. 0.05040 - 0.07311)
Z ROUGE-3 Average_P: 0.06033 (95%-conf.int. 0.04934 - 0.07139)
Z ROUGE-3 Average_F: 0.06102 (95%-conf.int. 0.04981 - 0.07223)
.............................................
Z ROUGE-3 Eval D1101-A.Z R:0.04534 P:0.04455 F:0.04494
Z ROUGE-3 Eval D1102-A.Z R:0.02296 P:0.02273 F:0.02284
Z ROUGE-3 Eval D1103-A.Z R:0.06750 P:0.06683 F:0.06716
Z ROUGE-3 Eval D1104-A.Z R:0.04250 P:0.04208 F:0.04229
Z ROUGE-3 Eval D1105-A.Z R:0.07750 P:0.07673 F:0.07711
Z ROUGE-3 Eval D1106-A.Z R:0.02036 P:0.01961 F:0.01998
Z ROUGE-3 Eval D1107-A.Z R:0.08081 P:0.08000 F:0.08040
Z ROUGE-3 Eval D1108-A.Z R:0.05486 P:0.05500 F:0.05493
Z ROUGE-3 Eval D1109-A.Z R:0.08543 P:0.08333 F:0.08437
Z ROUGE-3 Eval D1110-A.Z R:0.04500 P:0.04286 F:0.04390
Z ROUGE-3 Eval D1111-A.Z R:0.12060 P:0.11538 F:0.11793
Z ROUGE-3 Eval D1112-A.Z R:0.09651 P:0.09184 F:0.09412
Z ROUGE-3 Eval D1113-A.Z R:0.02350 P:0.02296 F:0.02323
Z ROUGE-3 Eval D1114-A.Z R:0.10859 P:0.10969 F:0.10914
Z ROUGE-3 Eval D1115-A.Z R:0.11471 P:0.10849 F:0.11151
Z ROUGE-3 Eval D1116-A.Z R:0.03283 P:0.03250 F:0.03266
Z ROUGE-3 Eval D1117-A.Z R:0.01008 P:0.00980 F:0.00994
Z ROUGE-3 Eval D1118-A.Z R:0.08673 P:0.08586 F:0.08629
Z ROUGE-3 Eval D1119-A.Z R:0.08168 P:0.08010 F:0.08088
Z ROUGE-3 Eval D1120-A.Z R:0.06667 P:0.06633 F:0.06650
Z ROUGE-3 Eval D1121-A.Z R:0.09068 P:0.08738 F:0.08900
Z ROUGE-3 Eval D1122-A.Z R:0.03797 P:0.03713 F:0.03755
Z ROUGE-3 Eval D1123-A.Z R:0.06959 P:0.06618 F:0.06784
Z ROUGE-3 Eval D1124-A.Z R:0.09848 P:0.09848 F:0.09848
Z ROUGE-3 Eval D1125-A.Z R:0.02764 P:0.02778 F:0.02771
Z ROUGE-3 Eval D1126-A.Z R:0.16492 P:0.15594 F:0.16030
Z ROUGE-3 Eval D1127-A.Z R:0.02250 P:0.02228 F:0.02239
Z ROUGE-3 Eval D1128-A.Z R:0.15000 P:0.14851 F:0.14925
Z ROUGE-3 Eval D1129-A.Z R:0.11721 P:0.11869 F:0.11795
Z ROUGE-3 Eval D1130-A.Z R:0.07595 P:0.07500 F:0.07547
Z ROUGE-3 Eval D1131-A.Z R:0.02558 P:0.02451 F:0.02503
Z ROUGE-3 Eval D1132-A.Z R:0.00779 P:0.00750 F:0.00764
Z ROUGE-3 Eval D1133-A.Z R:0.01523 P:0.01500 F:0.01511
Z ROUGE-3 Eval D1134-A.Z R:0.10101 P:0.09709 F:0.09901
Z ROUGE-3 Eval D1135-A.Z R:0.01786 P:0.01768 F:0.01777
Z ROUGE-3 Eval D1136-A.Z R:0.01535 P:0.01429 F:0.01480
Z ROUGE-3 Eval D1137-A.Z R:0.05838 P:0.05750 F:0.05794
Z ROUGE-3 Eval D1138-A.Z R:0.00990 P:0.01010 F:0.01000
Z ROUGE-3 Eval D1139-A.Z R:0.06313 P:0.06188 F:0.06250
Z ROUGE-3 Eval D1140-A.Z R:0.06667 P:0.06618 F:0.06642
Z ROUGE-3 Eval D1141-A.Z R:0.02217 P:0.02163 F:0.02190
Z ROUGE-3 Eval D1142-A.Z R:0.08443 P:0.08000 F:0.08216
Z ROUGE-3 Eval D1143-A.Z R:0.05641 P:0.05500 F:0.05570
Z ROUGE-3 Eval D1144-A.Z R:0.03509 P:0.03398 F:0.03453
---------------------------------------------
Z ROUGE-4 Average_R: 0.03514 (95%-conf.int. 0.02650 - 0.04414)
Z ROUGE-4 Average_P: 0.03430 (95%-conf.int. 0.02595 - 0.04314)
Z ROUGE-4 Average_F: 0.03471 (95%-conf.int. 0.02618 - 0.04369)
.............................................
Z ROUGE-4 Eval D1101-A.Z R:0.02036 P:0.02000 F:0.02018
Z ROUGE-4 Eval D1102-A.Z R:0.01289 P:0.01276 F:0.01282
Z ROUGE-4 Eval D1103-A.Z R:0.03788 P:0.03750 F:0.03769
Z ROUGE-4 Eval D1104-A.Z R:0.01515 P:0.01500 F:0.01507
Z ROUGE-4 Eval D1105-A.Z R:0.04545 P:0.04500 F:0.04522
Z ROUGE-4 Eval D1106-A.Z R:0.00771 P:0.00743 F:0.00757
Z ROUGE-4 Eval D1107-A.Z R:0.05357 P:0.05303 F:0.05330
Z ROUGE-4 Eval D1108-A.Z R:0.03023 P:0.03030 F:0.03026
Z ROUGE-4 Eval D1109-A.Z R:0.04822 P:0.04703 F:0.04762
Z ROUGE-4 Eval D1110-A.Z R:0.03030 P:0.02885 F:0.02956
Z ROUGE-4 Eval D1111-A.Z R:0.07107 P:0.06796 F:0.06948
Z ROUGE-4 Eval D1112-A.Z R:0.06233 P:0.05928 F:0.06077
Z ROUGE-4 Eval D1113-A.Z R:0.01319 P:0.01289 F:0.01304
Z ROUGE-4 Eval D1114-A.Z R:0.08163 P:0.08247 F:0.08205
Z ROUGE-4 Eval D1115-A.Z R:0.08564 P:0.08095 F:0.08323
Z ROUGE-4 Eval D1116-A.Z R:0.01020 P:0.01010 F:0.01015
Z ROUGE-4 Eval D1117-A.Z R:0.00000 P:0.00000 F:0.00000
Z ROUGE-4 Eval D1118-A.Z R:0.05412 P:0.05357 F:0.05384
Z ROUGE-4 Eval D1119-A.Z R:0.04000 P:0.03922 F:0.03961
Z ROUGE-4 Eval D1120-A.Z R:0.03368 P:0.03351 F:0.03359
Z ROUGE-4 Eval D1121-A.Z R:0.04835 P:0.04657 F:0.04744
Z ROUGE-4 Eval D1122-A.Z R:0.01023 P:0.01000 F:0.01011
Z ROUGE-4 Eval D1123-A.Z R:0.02604 P:0.02475 F:0.02538
Z ROUGE-4 Eval D1124-A.Z R:0.06122 P:0.06122 F:0.06122
Z ROUGE-4 Eval D1125-A.Z R:0.01015 P:0.01020 F:0.01017
Z ROUGE-4 Eval D1126-A.Z R:0.13492 P:0.12750 F:0.13111
Z ROUGE-4 Eval D1127-A.Z R:0.00253 P:0.00250 F:0.00251
Z ROUGE-4 Eval D1128-A.Z R:0.08838 P:0.08750 F:0.08794
Z ROUGE-4 Eval D1129-A.Z R:0.07557 P:0.07653 F:0.07605
Z ROUGE-4 Eval D1130-A.Z R:0.03836 P:0.03788 F:0.03812
Z ROUGE-4 Eval D1131-A.Z R:0.01034 P:0.00990 F:0.01012
Z ROUGE-4 Eval D1132-A.Z R:0.00262 P:0.00253 F:0.00257
Z ROUGE-4 Eval D1133-A.Z R:0.00256 P:0.00253 F:0.00254
Z ROUGE-4 Eval D1134-A.Z R:0.06378 P:0.06127 F:0.06250
Z ROUGE-4 Eval D1135-A.Z R:0.00258 P:0.00255 F:0.00256
Z ROUGE-4 Eval D1136-A.Z R:0.00258 P:0.00240 F:0.00249
Z ROUGE-4 Eval D1137-A.Z R:0.03846 P:0.03788 F:0.03817
Z ROUGE-4 Eval D1138-A.Z R:0.00250 P:0.00255 F:0.00252
Z ROUGE-4 Eval D1139-A.Z R:0.03061 P:0.03000 F:0.03030
Z ROUGE-4 Eval D1140-A.Z R:0.03741 P:0.03713 F:0.03727
Z ROUGE-4 Eval D1141-A.Z R:0.00498 P:0.00485 F:0.00491
Z ROUGE-4 Eval D1142-A.Z R:0.06133 P:0.05808 F:0.05966
Z ROUGE-4 Eval D1143-A.Z R:0.02591 P:0.02525 F:0.02558
Z ROUGE-4 Eval D1144-A.Z R:0.01013 P:0.00980 F:0.00996
---------------------------------------------
Z ROUGE-L Average_R: 0.37547 (95%-conf.int. 0.35810 - 0.39247)
Z ROUGE-L Average_P: 0.36760 (95%-conf.int. 0.35086 - 0.38459)
Z ROUGE-L Average_F: 0.37146 (95%-conf.int. 0.35407 - 0.38839)
.............................................
Z ROUGE-L Eval D1101-A.Z R:0.37778 P:0.37136 F:0.37454
Z ROUGE-L Eval D1102-A.Z R:0.27250 P:0.26980 F:0.27114
Z ROUGE-L Eval D1103-A.Z R:0.40196 P:0.39806 F:0.40000
Z ROUGE-L Eval D1104-A.Z R:0.39706 P:0.39320 F:0.39512
Z ROUGE-L Eval D1105-A.Z R:0.40686 P:0.40291 F:0.40488
Z ROUGE-L Eval D1106-A.Z R:0.30175 P:0.29087 F:0.29621
Z ROUGE-L Eval D1107-A.Z R:0.40842 P:0.40441 F:0.40641
Z ROUGE-L Eval D1108-A.Z R:0.37653 P:0.37745 F:0.37699
Z ROUGE-L Eval D1109-A.Z R:0.45567 P:0.44471 F:0.45012
Z ROUGE-L Eval D1110-A.Z R:0.34314 P:0.32710 F:0.33493
Z ROUGE-L Eval D1111-A.Z R:0.45567 P:0.43632 F:0.44579
Z ROUGE-L Eval D1112-A.Z R:0.44094 P:0.42000 F:0.43022
Z ROUGE-L Eval D1113-A.Z R:0.31969 P:0.31250 F:0.31605
Z ROUGE-L Eval D1114-A.Z R:0.40347 P:0.40750 F:0.40547
Z ROUGE-L Eval D1115-A.Z R:0.40098 P:0.37963 F:0.39001
Z ROUGE-L Eval D1116-A.Z R:0.39604 P:0.39216 F:0.39409
Z ROUGE-L Eval D1117-A.Z R:0.27901 P:0.27163 F:0.27527
Z ROUGE-L Eval D1118-A.Z R:0.42000 P:0.41584 F:0.41791
Z ROUGE-L Eval D1119-A.Z R:0.35680 P:0.35000 F:0.35337
Z ROUGE-L Eval D1120-A.Z R:0.36683 P:0.36500 F:0.36591
Z ROUGE-L Eval D1121-A.Z R:0.41481 P:0.40000 F:0.40727
Z ROUGE-L Eval D1122-A.Z R:0.39950 P:0.39078 F:0.39509
Z ROUGE-L Eval D1123-A.Z R:0.39141 P:0.37260 F:0.38177
Z ROUGE-L Eval D1124-A.Z R:0.41337 P:0.41337 F:0.41337
Z ROUGE-L Eval D1125-A.Z R:0.33744 P:0.33911 F:0.33827
Z ROUGE-L Eval D1126-A.Z R:0.49487 P:0.46845 F:0.48130
Z ROUGE-L Eval D1127-A.Z R:0.29167 P:0.28883 F:0.29024
Z ROUGE-L Eval D1128-A.Z R:0.46814 P:0.46359 F:0.46585
Z ROUGE-L Eval D1129-A.Z R:0.44499 P:0.45050 F:0.44773
Z ROUGE-L Eval D1130-A.Z R:0.43176 P:0.42647 F:0.42910
Z ROUGE-L Eval D1131-A.Z R:0.32832 P:0.31490 F:0.32147
Z ROUGE-L Eval D1132-A.Z R:0.28753 P:0.27696 F:0.28215
Z ROUGE-L Eval D1133-A.Z R:0.35572 P:0.35049 F:0.35309
Z ROUGE-L Eval D1134-A.Z R:0.40099 P:0.38571 F:0.39320
Z ROUGE-L Eval D1135-A.Z R:0.30750 P:0.30446 F:0.30597
Z ROUGE-L Eval D1136-A.Z R:0.24311 P:0.22664 F:0.23459
Z ROUGE-L Eval D1137-A.Z R:0.35572 P:0.35049 F:0.35309
Z ROUGE-L Eval D1138-A.Z R:0.28155 P:0.28713 F:0.28431
Z ROUGE-L Eval D1139-A.Z R:0.42574 P:0.41748 F:0.42157
Z ROUGE-L Eval D1140-A.Z R:0.36077 P:0.35817 F:0.35947
Z ROUGE-L Eval D1141-A.Z R:0.32126 P:0.31368 F:0.31742
Z ROUGE-L Eval D1142-A.Z R:0.36951 P:0.35049 F:0.35975
Z ROUGE-L Eval D1143-A.Z R:0.42211 P:0.41176 F:0.41687
Z ROUGE-L Eval D1144-A.Z R:0.38821 P:0.37619 F:0.38211
---------------------------------------------
Z ROUGE-W-1.2 Average_R: 0.13416 (95%-conf.int. 0.12684 - 0.14087)
Z ROUGE-W-1.2 Average_P: 0.23574 (95%-conf.int. 0.22305 - 0.24767)
Z ROUGE-W-1.2 Average_F: 0.17098 (95%-conf.int. 0.16155 - 0.17952)
.............................................
Z ROUGE-W-1.2 Eval D1101-A.Z R:0.13680 P:0.24101 F:0.17453
Z ROUGE-W-1.2 Eval D1102-A.Z R:0.09709 P:0.16440 F:0.12208
Z ROUGE-W-1.2 Eval D1103-A.Z R:0.15185 P:0.26560 F:0.19323
Z ROUGE-W-1.2 Eval D1104-A.Z R:0.14095 P:0.25268 F:0.18096
Z ROUGE-W-1.2 Eval D1105-A.Z R:0.14909 P:0.26601 F:0.19108
Z ROUGE-W-1.2 Eval D1106-A.Z R:0.10314 P:0.18376 F:0.13212
Z ROUGE-W-1.2 Eval D1107-A.Z R:0.15050 P:0.26643 F:0.19235
Z ROUGE-W-1.2 Eval D1108-A.Z R:0.13387 P:0.23511 F:0.17060
Z ROUGE-W-1.2 Eval D1109-A.Z R:0.15808 P:0.27799 F:0.20155
Z ROUGE-W-1.2 Eval D1110-A.Z R:0.12706 P:0.21687 F:0.16024
Z ROUGE-W-1.2 Eval D1111-A.Z R:0.16625 P:0.29009 F:0.21137
Z ROUGE-W-1.2 Eval D1112-A.Z R:0.15745 P:0.27446 F:0.20011
Z ROUGE-W-1.2 Eval D1113-A.Z R:0.11265 P:0.19774 F:0.14353
Z ROUGE-W-1.2 Eval D1114-A.Z R:0.14181 P:0.26118 F:0.18382
Z ROUGE-W-1.2 Eval D1115-A.Z R:0.14726 P:0.26019 F:0.18808
Z ROUGE-W-1.2 Eval D1116-A.Z R:0.13767 P:0.23460 F:0.17352
Z ROUGE-W-1.2 Eval D1117-A.Z R:0.09728 P:0.17048 F:0.12387
Z ROUGE-W-1.2 Eval D1118-A.Z R:0.14104 P:0.25079 F:0.18054
Z ROUGE-W-1.2 Eval D1119-A.Z R:0.12480 P:0.22328 F:0.16011
Z ROUGE-W-1.2 Eval D1120-A.Z R:0.13460 P:0.24119 F:0.17278
Z ROUGE-W-1.2 Eval D1121-A.Z R:0.15652 P:0.26430 F:0.19661
Z ROUGE-W-1.2 Eval D1122-A.Z R:0.14379 P:0.24728 F:0.18184
Z ROUGE-W-1.2 Eval D1123-A.Z R:0.13878 P:0.23887 F:0.17556
Z ROUGE-W-1.2 Eval D1124-A.Z R:0.15356 P:0.27278 F:0.19650
Z ROUGE-W-1.2 Eval D1125-A.Z R:0.11422 P:0.20879 F:0.14766
Z ROUGE-W-1.2 Eval D1126-A.Z R:0.18224 P:0.31755 F:0.23158
Z ROUGE-W-1.2 Eval D1127-A.Z R:0.10150 P:0.17657 F:0.12890
Z ROUGE-W-1.2 Eval D1128-A.Z R:0.17280 P:0.31590 F:0.22340
Z ROUGE-W-1.2 Eval D1129-A.Z R:0.16275 P:0.29916 F:0.21081
Z ROUGE-W-1.2 Eval D1130-A.Z R:0.15967 P:0.27797 F:0.20283
Z ROUGE-W-1.2 Eval D1131-A.Z R:0.11571 P:0.20160 F:0.14703
Z ROUGE-W-1.2 Eval D1132-A.Z R:0.09709 P:0.17228 F:0.12419
Z ROUGE-W-1.2 Eval D1133-A.Z R:0.12299 P:0.21851 F:0.15739
Z ROUGE-W-1.2 Eval D1134-A.Z R:0.14708 P:0.25014 F:0.18524
Z ROUGE-W-1.2 Eval D1135-A.Z R:0.10463 P:0.18376 F:0.13334
Z ROUGE-W-1.2 Eval D1136-A.Z R:0.08301 P:0.14748 F:0.10623
Z ROUGE-W-1.2 Eval D1137-A.Z R:0.13006 P:0.23347 F:0.16706
Z ROUGE-W-1.2 Eval D1138-A.Z R:0.09433 P:0.17030 F:0.12141
Z ROUGE-W-1.2 Eval D1139-A.Z R:0.15378 P:0.26762 F:0.19532
Z ROUGE-W-1.2 Eval D1140-A.Z R:0.13282 P:0.23104 F:0.16867
Z ROUGE-W-1.2 Eval D1141-A.Z R:0.10523 P:0.18524 F:0.13422
Z ROUGE-W-1.2 Eval D1142-A.Z R:0.13411 P:0.22027 F:0.16672
Z ROUGE-W-1.2 Eval D1143-A.Z R:0.14836 P:0.25748 F:0.18825
Z ROUGE-W-1.2 Eval D1144-A.Z R:0.13785 P:0.24019 F:0.17517
---------------------------------------------
Z ROUGE-SU4 Average_R: 0.16589 (95%-conf.int. 0.15254 - 0.17905)
Z ROUGE-SU4 Average_P: 0.16229 (95%-conf.int. 0.14945 - 0.17527)
Z ROUGE-SU4 Average_F: 0.16406 (95%-conf.int. 0.15095 - 0.17713)
.............................................
Z ROUGE-SU4 Eval D1101-A.Z R:0.14624 P:0.14369 F:0.14495
Z ROUGE-SU4 Eval D1102-A.Z R:0.10745 P:0.10636 F:0.10690
Z ROUGE-SU4 Eval D1103-A.Z R:0.19002 P:0.18812 F:0.18907
Z ROUGE-SU4 Eval D1104-A.Z R:0.18163 P:0.17982 F:0.18072
Z ROUGE-SU4 Eval D1105-A.Z R:0.18750 P:0.18563 F:0.18656
Z ROUGE-SU4 Eval D1106-A.Z R:0.12468 P:0.12007 F:0.12233
Z ROUGE-SU4 Eval D1107-A.Z R:0.19619 P:0.19421 F:0.19519
Z ROUGE-SU4 Eval D1108-A.Z R:0.14477 P:0.14513 F:0.14495
Z ROUGE-SU4 Eval D1109-A.Z R:0.20616 P:0.20107 F:0.20358
Z ROUGE-SU4 Eval D1110-A.Z R:0.14765 P:0.14058 F:0.14403
Z ROUGE-SU4 Eval D1111-A.Z R:0.21543 P:0.20605 F:0.21064
Z ROUGE-SU4 Eval D1112-A.Z R:0.21422 P:0.20377 F:0.20886
Z ROUGE-SU4 Eval D1113-A.Z R:0.12226 P:0.11943 F:0.12083
Z ROUGE-SU4 Eval D1114-A.Z R:0.19873 P:0.20077 F:0.19974
Z ROUGE-SU4 Eval D1115-A.Z R:0.21548 P:0.20372 F:0.20944
Z ROUGE-SU4 Eval D1116-A.Z R:0.16186 P:0.16023 F:0.16104
Z ROUGE-SU4 Eval D1117-A.Z R:0.10904 P:0.10609 F:0.10754
Z ROUGE-SU4 Eval D1118-A.Z R:0.19221 P:0.19025 F:0.19122
Z ROUGE-SU4 Eval D1119-A.Z R:0.16528 P:0.16205 F:0.16365
Z ROUGE-SU4 Eval D1120-A.Z R:0.17556 P:0.17466 F:0.17511
Z ROUGE-SU4 Eval D1121-A.Z R:0.18343 P:0.17671 F:0.18001
Z ROUGE-SU4 Eval D1122-A.Z R:0.16695 P:0.16321 F:0.16506
Z ROUGE-SU4 Eval D1123-A.Z R:0.16566 P:0.15748 F:0.16147
Z ROUGE-SU4 Eval D1124-A.Z R:0.20042 P:0.20042 F:0.20042
Z ROUGE-SU4 Eval D1125-A.Z R:0.12142 P:0.12203 F:0.12172
Z ROUGE-SU4 Eval D1126-A.Z R:0.27592 P:0.26080 F:0.26815
Z ROUGE-SU4 Eval D1127-A.Z R:0.10067 P:0.09967 F:0.10017
Z ROUGE-SU4 Eval D1128-A.Z R:0.24790 P:0.24543 F:0.24666
Z ROUGE-SU4 Eval D1129-A.Z R:0.24812 P:0.25127 F:0.24969
Z ROUGE-SU4 Eval D1130-A.Z R:0.19074 P:0.18834 F:0.18953
Z ROUGE-SU4 Eval D1131-A.Z R:0.12275 P:0.11760 F:0.12012
Z ROUGE-SU4 Eval D1132-A.Z R:0.11421 P:0.10990 F:0.11201
Z ROUGE-SU4 Eval D1133-A.Z R:0.16227 P:0.15982 F:0.16104
Z ROUGE-SU4 Eval D1134-A.Z R:0.18305 P:0.17590 F:0.17940
Z ROUGE-SU4 Eval D1135-A.Z R:0.10616 P:0.10508 F:0.10562
Z ROUGE-SU4 Eval D1136-A.Z R:0.08584 P:0.07987 F:0.08275
Z ROUGE-SU4 Eval D1137-A.Z R:0.15971 P:0.15730 F:0.15850
Z ROUGE-SU4 Eval D1138-A.Z R:0.09385 P:0.09576 F:0.09480
Z ROUGE-SU4 Eval D1139-A.Z R:0.20636 P:0.20224 F:0.20428
Z ROUGE-SU4 Eval D1140-A.Z R:0.15493 P:0.15378 F:0.15435
Z ROUGE-SU4 Eval D1141-A.Z R:0.11116 P:0.10847 F:0.10980
Z ROUGE-SU4 Eval D1142-A.Z R:0.16740 P:0.15856 F:0.16286
Z ROUGE-SU4 Eval D1143-A.Z R:0.17556 P:0.17114 F:0.17332
Z ROUGE-SU4 Eval D1144-A.Z R:0.15181 P:0.14699 F:0.14936
